<?xml version="1.0" encoding="UTF-8"?>
<testng-results skipped="0" failed="0" ignored="0" total="1" passed="1">
  <reporter-output>
  </reporter-output>
  <suite name="testng Suite" duration-ms="12745" started-at="2021-09-05T07:55:49Z" finished-at="2021-09-05T07:56:02Z">
    <groups>
    </groups>
    <test name="testsuite5" duration-ms="12745" started-at="2021-09-05T07:55:49Z" finished-at="2021-09-05T07:56:02Z">
      <class name="TestNG.OrangeHRMLogin">
        <test-method status="PASS" signature="display()[pri:0, instance:TestNG.OrangeHRMLogin@396a51ab]" name="display" duration-ms="12718" started-at="2021-09-05T07:55:49Z" finished-at="2021-09-05T07:56:02Z">
          <reporter-output>
          </reporter-output>
        </test-method> <!-- display -->
      </class> <!-- TestNG.OrangeHRMLogin -->
    </test> <!-- testsuite5 -->
  </suite> <!-- testng Suite -->
</testng-results>
