<?xml version="1.0" encoding="UTF-8"?>
<!-- Generated by org.testng.reporters.JUnitXMLReporter -->
<testsuite hostname="DESKTOP-LMJ0DS5" ignored="0" name="group" tests="6" failures="0" timestamp="30 Aug 2021 10:53:53 GMT" time="0.058" errors="0">
  <testcase name="Computer" time="0.012" classname="TestNG.SampleCase"/>
  <testcase name="Computertwo" time="0.001" classname="TestNG.SampleCase"/>
  <testcase name="Laptop" time="0.001" classname="TestNG.SampleCase"/>
  <testcase name="Laptoptwo" time="0.002" classname="TestNG.SampleCase"/>
  <testcase name="Mobile" time="0.002" classname="TestNG.SampleCase"/>
  <testcase name="Mobiletwo" time="0.001" classname="TestNG.SampleCase"/>
</testsuite> <!-- group -->
