<?xml version="1.0" encoding="UTF-8"?>
<!-- Generated by org.testng.reporters.JUnitXMLReporter -->
<testsuite hostname="DESKTOP-LMJ0DS5" ignored="1" name="testsuite" tests="4" failures="0" timestamp="26 Aug 2021 17:32:04 GMT" time="0.043" errors="0">
  <testcase name="start" time="0.009" classname="TestNG.SkipTestCase"/>
  <testcase name="firstgear" time="0.002" classname="TestNG.SkipTestCase"/>
  <testcase name="secondgear" time="0.001" classname="TestNG.SkipTestCase"/>
  <testcase name="thirdgear" time="0.001" classname="TestNG.SkipTestCase"/>
  <testcase name="music" time="0.0" classname="TestNG.SkipTestCase">
    <ignored/>
  </testcase> <!-- music -->
</testsuite> <!-- testsuite -->
