<?xml version="1.0" encoding="UTF-8"?>
<!-- Generated by org.testng.reporters.JUnitXMLReporter -->
<testsuite hostname="DESKTOP-LMJ0DS5" ignored="1" name="test suite" tests="4" failures="0" timestamp="26 Aug 2021 15:15:25 GMT" time="0.054" errors="0">
  <testcase name="start" time="0.011" classname="TestNgTest.SkipTestCase"/>
  <testcase name="firstgear" time="0.002" classname="TestNgTest.SkipTestCase"/>
  <testcase name="secondgear" time="0.001" classname="TestNgTest.SkipTestCase"/>
  <testcase name="thirdgear" time="0.003" classname="TestNgTest.SkipTestCase"/>
  <testcase name="music" time="0.0" classname="TestNgTest.SkipTestCase">
    <ignored/>
  </testcase> <!-- music -->
</testsuite> <!-- test suite -->
