<?xml version="1.0" encoding="UTF-8"?>
<!-- Generated by org.testng.reporters.JUnitXMLReporter -->
<testsuite hostname="DESKTOP-LMJ0DS5" ignored="4" name="testsuite3" tests="2" failures="0" timestamp="30 Aug 2021 10:55:24 GMT" time="0.034" errors="0">
  <testcase name="Computer" time="0.009" classname="TestNG.SampleCase"/>
  <testcase name="Computertwo" time="0.001" classname="TestNG.SampleCase"/>
  <testcase name="Mobiletwo" time="0.0" classname="TestNG.SampleCase">
    <ignored/>
  </testcase> <!-- Mobiletwo -->
  <testcase name="Laptop" time="0.0" classname="TestNG.SampleCase">
    <ignored/>
  </testcase> <!-- Laptop -->
  <testcase name="Mobile" time="0.0" classname="TestNG.SampleCase">
    <ignored/>
  </testcase> <!-- Mobile -->
  <testcase name="Laptoptwo" time="0.0" classname="TestNG.SampleCase">
    <ignored/>
  </testcase> <!-- Laptoptwo -->
</testsuite> <!-- testsuite3 -->
