<?xml version="1.0" encoding="UTF-8"?>
<!-- Generated by org.testng.reporters.JUnitXMLReporter -->
<testsuite hostname="DESKTOP-LMJ0DS5" ignored="0" name="test suite1" tests="3" failures="0" timestamp="26 Aug 2021 15:15:25 GMT" time="0.02" errors="0">
  <testcase name="higher_secondary" time="0.001" classname="TestNgTest.DependiesManagement"/>
  <testcase name="sslc" time="0.001" classname="TestNgTest.DependiesManagement"/>
  <testcase name="college" time="0.002" classname="TestNgTest.DependiesManagement"/>
</testsuite> <!-- test suite1 -->
