<?xml version="1.0" encoding="UTF-8"?>
<!-- Generated by org.testng.reporters.JUnitXMLReporter -->
<testsuite hostname="DESKTOP-LMJ0DS5" ignored="0" name="testsuite1" tests="3" failures="0" timestamp="26 Aug 2021 17:32:04 GMT" time="0.009" errors="0">
  <testcase name="higher_secondary" time="0.001" classname="TestNG.DependiesManagement"/>
  <testcase name="sslc" time="0.001" classname="TestNG.DependiesManagement"/>
  <testcase name="college" time="0.001" classname="TestNG.DependiesManagement"/>
</testsuite> <!-- testsuite1 -->
